<?xml version="1.0" encoding="UTF-8"?>
<testsuite xmlns:xsi="http://www.w3.org/2001/XMLSchema-instance" xsi:noNamespaceSchemaLocation="https://maven.apache.org/surefire/maven-surefire-plugin/xsd/surefire-test-report.xsd" name="TestCalculator" time="0.017" tests="5" errors="0" skipped="0" failures="0">
  <properties>
[...]
</properties>
  <testcase name="testSum" classname="TestCalculator" time="0.003"/>
  <testcase name="testMinus" classname="TestCalculator" time="0"/>
  <testcase name="multiply" classname="TestCalculator" time="0"/>
  <testcase name="testDivide" classname="TestCalculator" time="0"/>
  <testcase name="testDivideWillThrowExceptionWhenDivideOnZero" classname="TestCalculator" time="0"/>
</testsuite>